<?xml version="1.0" encoding="utf-8"?><testsuites name="pytest tests"><testsuite name="pytest" errors="0" failures="0" skipped="0" tests="11" time="30.887" timestamp="2026-05-04T06:03:37.462301+00:00" hostname="agent-env-97897500-89d2-4eab-b191-d527dce6f682"><testcase classname="backend.tests.test_taxsathi.TestWaitlist" name="test_waitlist_count" time="0.272" /><testcase classname="backend.tests.test_taxsathi.TestWaitlist" name="test_join_waitlist" time="0.156" /><testcase classname="backend.tests.test_taxsathi.TestWaitlist" name="test_join_waitlist_duplicate" time="0.157" /><testcase classname="backend.tests.test_taxsathi.TestWaitlist" name="test_join_waitlist_missing_email" time="0.144" /><testcase classname="backend.tests.test_taxsathi.TestProgress" name="test_get_progress" time="0.142" /><testcase classname="backend.tests.test_taxsathi.TestProgress" name="test_progress_module_fields" time="0.101" /><testcase classname="backend.tests.test_taxsathi.TestProgress" name="test_patch_module_status" time="0.140" /><testcase classname="backend.tests.test_taxsathi.TestDemoChat" name="test_demo_chat_basic" time="12.024" /><testcase classname="backend.tests.test_taxsathi.TestDemoChat" name="test_demo_chat_session_continuity" time="2.364" /><testcase classname="backend.tests.test_taxsathi.TestModuleAnalyzer" name="test_analyze_module" time="14.905" /><testcase classname="backend.tests.test_taxsathi.TestModuleAnalyzer" name="test_analyses_list" time="0.234" /></testsuite></testsuites>